<?xml version="1.0" encoding="UTF-8"?>
<!-- Generated by org.testng.reporters.JUnitReportReporter -->
<testsuite hostname="scw-pc" name="com.example.tests.EmptyGroupCreationTests" tests="1" failures="0" timestamp="10 Oct 2015 04:29:24 GMT" time="1.053" errors="0">
  <testcase name="testEmtyGroupCreation" time="1.053" classname="com.example.tests.EmptyGroupCreationTests"/>
</testsuite> <!-- com.example.tests.EmptyGroupCreationTests -->
