<?xml version="1.0" encoding="UTF-8"?>
<!-- Generated by org.testng.reporters.JUnitReportReporter -->
<testsuite hostname="scw-pc" name="com.example.tests.AlsoGroupCreationTests" tests="2" failures="0" timestamp="10 Oct 2015 04:21:37 GMT" time="3.859" errors="0">
  <testcase name="testNoneEmtyGroupCreation" time="1.123" classname="com.example.tests.AlsoGroupCreationTests"/>
  <testcase name="testEmtyGroupCreation" time="2.736" classname="com.example.tests.AlsoGroupCreationTests"/>
</testsuite> <!-- com.example.tests.AlsoGroupCreationTests -->
