<?xml version="1.0" encoding="UTF-8"?>
<!-- Generated by org.testng.reporters.JUnitReportReporter -->
<testsuite hostname="scw-pc" name="com.example.tests.GroupCreationTests" tests="1" failures="0" timestamp="10 Oct 2015 04:29:24 GMT" time="3.057" errors="0">
  <testcase name="testNoneEmtyGroupCreation" time="3.057" classname="com.example.tests.GroupCreationTests"/>
</testsuite> <!-- com.example.tests.GroupCreationTests -->
