<?xml version="1.0" encoding="UTF-8"?>
<!-- Generated by org.testng.reporters.JUnitReportReporter -->
<testsuite hostname="scw-pc" name="com.example.tests.AddNewContact" tests="1" failures="0" timestamp="10 Oct 2015 20:33:36 GMT" time="2.394" errors="0">
  <testcase name="testAddNewContact" time="2.394" classname="com.example.tests.AddNewContact"/>
</testsuite> <!-- com.example.tests.AddNewContact -->
